Сборка начата 30.04.2015 19:08:03.
     1>Проект "C:\Users\Andrey\Documents\GitHub\2014\ivb-3-14\Panasenko.A.V\labra_8\labra_8\labra_8.vcxproj" в узле 2 (целевые объекты Build).
     1>ClCompile:
         C:\Program Files (x86)\Microsoft Visual Studio 12.0\VC\bin\CL.exe /c /ZI /nologo /W3 /WX- /sdl /Od /Oy- /D WIN32 /D _DEBUG /D _CONSOLE /D _LIB /D _UNICODE /D UNICODE /Gm /EHsc /RTC1 /MDd /GS /fp:precise /Zc:wchar_t /Zc:forScope /Fo"Debug\\" /Fd"Debug\vc120.pdb" /Gd /TP /analyze- /errorReport:prompt "..\..\..\Хлебников.А.А\Лабораторная работа №8\Matrix\Matrix\main.cpp"
         main.cpp
     1>c:\users\andrey\documents\github\2014\ivb-3-14\хлебников.а.а\лабораторная работа №8\matrix\matrix\main.cpp(25): warning C4018: <: несоответствие типов со знаком и без знака
     1>c:\users\andrey\documents\github\2014\ivb-3-14\хлебников.а.а\лабораторная работа №8\matrix\matrix\main.cpp(26): warning C4018: <: несоответствие типов со знаком и без знака
     1>c:\users\andrey\documents\github\2014\ivb-3-14\хлебников.а.а\лабораторная работа №8\matrix\matrix\matrix.h(151): warning C4018: <: несоответствие типов со знаком и без знака
                 c:\users\andrey\documents\github\2014\ivb-3-14\хлебников.а.а\лабораторная работа №8\matrix\matrix\matrix.h(148): при компиляции функции-члена "bool Matrix<int>::isSymmetric(void) const" класса шаблон
                 c:\users\andrey\documents\github\2014\ivb-3-14\хлебников.а.а\лабораторная работа №8\matrix\matrix\main.cpp(14): см. ссылку на создание экземпляров функции шаблон при компиляции "bool Matrix<int>::isSymmetric(void) const"
                 c:\users\andrey\documents\github\2014\ivb-3-14\хлебников.а.а\лабораторная работа №8\matrix\matrix\main.cpp(9): см. ссылку на создание экземпляров класса шаблон при компиляции "Matrix<int>"
     1>c:\users\andrey\documents\github\2014\ivb-3-14\хлебников.а.а\лабораторная работа №8\matrix\matrix\matrix.h(152): warning C4018: <: несоответствие типов со знаком и без знака
     1>c:\users\andrey\documents\github\2014\ivb-3-14\хлебников.а.а\лабораторная работа №8\matrix\matrix\matrix.h(165): warning C4018: <: несоответствие типов со знаком и без знака
                 c:\users\andrey\documents\github\2014\ivb-3-14\хлебников.а.а\лабораторная работа №8\matrix\matrix\matrix.h(162): при компиляции функции-члена "int Matrix<int>::minor(int,int) const" класса шаблон
                 c:\users\andrey\documents\github\2014\ivb-3-14\хлебников.а.а\лабораторная работа №8\matrix\matrix\main.cpp(33): см. ссылку на создание экземпляров функции шаблон при компиляции "int Matrix<int>::minor(int,int) const"
     1>c:\users\andrey\documents\github\2014\ivb-3-14\хлебников.а.а\лабораторная работа №8\matrix\matrix\matrix.h(166): warning C4018: <: несоответствие типов со знаком и без знака
     1>c:\users\andrey\documents\github\2014\ivb-3-14\хлебников.а.а\лабораторная работа №8\matrix\matrix\matrix.h(187): warning C4018: >=: несоответствие типов со знаком и без знака
                 c:\users\andrey\documents\github\2014\ivb-3-14\хлебников.а.а\лабораторная работа №8\matrix\matrix\matrix.h(186): при компиляции функции-члена "void Matrix<int>::put(int,int,_Type)" класса шаблон
                 with
                 [
                     _Type=int
                 ]
                 c:\users\andrey\documents\github\2014\ivb-3-14\хлебников.а.а\лабораторная работа №8\matrix\matrix\main.cpp(27): см. ссылку на создание экземпляров функции шаблон при компиляции "void Matrix<int>::put(int,int,_Type)"
                 with
                 [
                     _Type=int
                 ]
     1>c:\users\andrey\documents\github\2014\ivb-3-14\хлебников.а.а\лабораторная работа №8\matrix\matrix\matrix.h(190): warning C4018: >=: несоответствие типов со знаком и без знака
       Link:
         C:\Program Files (x86)\Microsoft Visual Studio 12.0\VC\bin\link.exe /ERRORREPORT:PROMPT /OUT:"C:\Users\Andrey\Documents\GitHub\2014\ivb-3-14\Panasenko.A.V\labra_8\Debug\labra_8.exe" /INCREMENTAL /NOLOGO kernel32.lib user32.lib gdi32.lib winspool.lib comdlg32.lib advapi32.lib shell32.lib ole32.lib oleaut32.lib uuid.lib odbc32.lib odbccp32.lib /MANIFEST /MANIFESTUAC:"level='asInvoker' uiAccess='false'" /manifest:embed /DEBUG /PDB:"C:\Users\Andrey\Documents\GitHub\2014\ivb-3-14\Panasenko.A.V\labra_8\Debug\labra_8.pdb" /SUBSYSTEM:CONSOLE /TLBID:1 /DYNAMICBASE /NXCOMPAT /IMPLIB:"C:\Users\Andrey\Documents\GitHub\2014\ivb-3-14\Panasenko.A.V\labra_8\Debug\labra_8.lib" /MACHINE:X86 Debug\main.obj
         labra_8.vcxproj -> C:\Users\Andrey\Documents\GitHub\2014\ivb-3-14\Panasenko.A.V\labra_8\Debug\labra_8.exe
     1>Сборка проекта "C:\Users\Andrey\Documents\GitHub\2014\ivb-3-14\Panasenko.A.V\labra_8\labra_8\labra_8.vcxproj" завершена (целевые объекты Build).

Сборка успешно завершена.

Затраченное время: 00:00:02.83
