Сборка начата 13.07.2015 11:47:49.
     1>Проект "C:\Users\Andrey\Desktop\практика\my_decision2\matrix\matrix\matrix.vcxproj" в узле 2 (целевые объекты Build).
     1>ClCompile:
         C:\Program Files (x86)\Microsoft Visual Studio 12.0\VC\bin\CL.exe /c /ZI /nologo /W3 /WX- /sdl /Od /Oy- /D _MBCS /Gm /EHsc /RTC1 /MDd /GS /fp:precise /Zc:wchar_t /Zc:forScope /Fo"Debug\\" /Fd"Debug\vc120.pdb" /Gd /TP /analyze- /errorReport:prompt main.cpp
         main.cpp
     1>c:\users\andrey\desktop\практика\my_decision2\matrix\matrix\matrix.h(336): warning C4018: <: несоответствие типов со знаком и без знака
                 c:\users\andrey\desktop\практика\my_decision2\matrix\matrix\matrix.h(333): при компиляции функции-члена "int Matrix<int>::minor(int,int) const" класса шаблон
                 c:\users\andrey\desktop\практика\my_decision2\matrix\matrix\main.cpp(80): см. ссылку на создание экземпляров функции шаблон при компиляции "int Matrix<int>::minor(int,int) const"
                 c:\users\andrey\desktop\практика\my_decision2\matrix\matrix\main.cpp(11): см. ссылку на создание экземпляров класса шаблон при компиляции "Matrix<int>"
     1>c:\users\andrey\desktop\практика\my_decision2\matrix\matrix\matrix.h(337): warning C4018: <: несоответствие типов со знаком и без знака
     1>c:\users\andrey\desktop\практика\my_decision2\matrix\matrix\matrix.h(358): warning C4018: <: несоответствие типов со знаком и без знака
                 c:\users\andrey\desktop\практика\my_decision2\matrix\matrix\matrix.h(357): при компиляции функции-члена "void Matrix<int>::put(int,int,_Type)" класса шаблон
                 with
                 [
                     _Type=int
                 ]
                 c:\users\andrey\desktop\практика\my_decision2\matrix\matrix\main.cpp(40): см. ссылку на создание экземпляров функции шаблон при компиляции "void Matrix<int>::put(int,int,_Type)"
                 with
                 [
                     _Type=int
                 ]
     1>c:\users\andrey\desktop\практика\my_decision2\matrix\matrix\matrix.h(360): warning C4018: <: несоответствие типов со знаком и без знака
       Link:
         C:\Program Files (x86)\Microsoft Visual Studio 12.0\VC\bin\link.exe /ERRORREPORT:PROMPT /OUT:"C:\Users\Andrey\Desktop\практика\my_decision2\matrix\Debug\matrix.exe" /INCREMENTAL /NOLOGO kernel32.lib user32.lib gdi32.lib winspool.lib comdlg32.lib advapi32.lib shell32.lib ole32.lib oleaut32.lib uuid.lib odbc32.lib odbccp32.lib /MANIFEST /MANIFESTUAC:"level='asInvoker' uiAccess='false'" /manifest:embed /DEBUG /PDB:"C:\Users\Andrey\Desktop\практика\my_decision2\matrix\Debug\matrix.pdb" /TLBID:1 /DYNAMICBASE /NXCOMPAT /IMPLIB:"C:\Users\Andrey\Desktop\практика\my_decision2\matrix\Debug\matrix.lib" /MACHINE:X86 Debug\main.obj
         matrix.vcxproj -> C:\Users\Andrey\Desktop\практика\my_decision2\matrix\Debug\matrix.exe
     1>Сборка проекта "C:\Users\Andrey\Desktop\практика\my_decision2\matrix\matrix\matrix.vcxproj" завершена (целевые объекты Build).

Сборка успешно завершена.

Затраченное время: 00:00:06.14
